<?xml version="1.0" encoding="UTF-8"?>
<!-- Generated by org.testng.reporters.JUnitReportReporter -->
<testsuite hostname="admin-PC" name="silayetestcase.Testcases" tests="1" failures="0" timestamp="29 Dec 2017 11:21:22 GMT" time="0.688" errors="0">
  <testcase name="verifyregister" time="0.688" classname="silayetestcase.Testcases"/>
</testsuite> <!-- silayetestcase.Testcases -->
