<?xml version="1.0" encoding="UTF-8"?>
<!-- Generated by org.testng.reporters.JUnitReportReporter -->
<testsuite hostname="admin-PC" name="silayetest.Web1" tests="1" failures="0" timestamp="28 Dec 2017 09:52:01 GMT" time="12.432" errors="0">
  <testcase name="login" time="12.432" classname="silayetest.Web1"/>
</testsuite> <!-- silayetest.Web1 -->
