<?xml version="1.0" encoding="UTF-8"?>
<!-- Generated by org.testng.reporters.JUnitReportReporter -->
<testsuite hostname="admin-PC" name="silayetest.Registration" tests="2" failures="0" timestamp="20 Feb 2018 10:30:42 GMT" time="57.287" errors="0">
  <testcase name="gmail_validation" time="39.379" classname="silayetest.Registration"/>
  <testcase name="registration" time="17.908" classname="silayetest.Registration"/>
</testsuite> <!-- silayetest.Registration -->
